<?xml version="1.0" encoding="UTF-8"?>
<!-- Generated by org.testng.reporters.JUnitXMLReporter -->
<testsuite hostname="all-PC" ignored="0" name="Yahoo App Test Case" tests="1" failures="1" timestamp="12 Dec 2018 11:17:44 GMT" time="0.077" errors="0">
  <testcase name="yahooLoginTest" time="0.0" classname="com.Parameters.Paremater_Test">
    <failure type="org.testng.TestNGException" message="
Parameter &amp;apos;browser&amp;apos; is required by @Test on method yahooLoginTest but has not been marked @Optional or defined
in C:\Users\all\git\repository19\TestNG1\src\Parameters.xml">
      <![CDATA[org.testng.TestNGException: 
Parameter 'browser' is required by @Test on method yahooLoginTest but has not been marked @Optional or defined
in C:\Users\all\git\repository19\TestNG1\src\Parameters.xml
... Removed 24 stack frames]]>
    </failure>
  </testcase> <!-- yahooLoginTest -->
</testsuite> <!-- Yahoo App Test Case -->
